INFO: [VRFC 10-2263] Analyzing Verilog file "D:/vivadoProject/sy9/sy9.srcs/sources_1/ip/data_mem/sim/data_mem.v" into library xil_defaultlib
INFO: [VRFC 10-311] analyzing module data_mem
INFO: [VRFC 10-2263] Analyzing Verilog file "D:/vivadoProject/sy9/sy9.srcs/sources_1/ip/imem/sim/imem.v" into library xil_defaultlib
INFO: [VRFC 10-311] analyzing module imem
INFO: [VRFC 10-2263] Analyzing Verilog file "D:/vivadoProject/sy9/sy9.srcs/sources_1/new/adder.v" into library xil_defaultlib
INFO: [VRFC 10-311] analyzing module adder
INFO: [VRFC 10-2263] Analyzing Verilog file "D:/vivadoProject/sy9/sy9.srcs/sources_1/new/alu.v" into library xil_defaultlib
INFO: [VRFC 10-311] analyzing module alu
INFO: [VRFC 10-2263] Analyzing Verilog file "D:/vivadoProject/sy9/sy9.srcs/sources_1/new/aludec.v" into library xil_defaultlib
INFO: [VRFC 10-311] analyzing module aludec
INFO: [VRFC 10-2263] Analyzing Verilog file "D:/vivadoProject/sy9/sy9.srcs/sources_1/new/controller.v" into library xil_defaultlib
INFO: [VRFC 10-311] analyzing module controller
INFO: [VRFC 10-2263] Analyzing Verilog file "D:/vivadoProject/sy9/sy9.srcs/sources_1/new/datapath.v" into library xil_defaultlib
INFO: [VRFC 10-311] analyzing module datapath
INFO: [VRFC 10-2263] Analyzing Verilog file "D:/vivadoProject/sy9/sy9.srcs/sources_1/new/display.v" into library xil_defaultlib
INFO: [VRFC 10-311] analyzing module display
INFO: [VRFC 10-2263] Analyzing Verilog file "D:/vivadoProject/sy9/sy9.srcs/sources_1/new/maindec.v" into library xil_defaultlib
INFO: [VRFC 10-311] analyzing module maindec
INFO: [VRFC 10-2263] Analyzing Verilog file "D:/vivadoProject/sy9/sy9.srcs/sources_1/new/mips.v" into library xil_defaultlib
INFO: [VRFC 10-311] analyzing module mips
INFO: [VRFC 10-2263] Analyzing Verilog file "D:/vivadoProject/sy9/sy9.srcs/sources_1/new/mux2.v" into library xil_defaultlib
INFO: [VRFC 10-311] analyzing module mux2
INFO: [VRFC 10-2263] Analyzing Verilog file "D:/vivadoProject/sy9/sy9.srcs/sources_1/new/pc.v" into library xil_defaultlib
INFO: [VRFC 10-311] analyzing module pc
INFO: [VRFC 10-2263] Analyzing Verilog file "D:/vivadoProject/sy9/sy9.srcs/sources_1/new/regfile.v" into library xil_defaultlib
INFO: [VRFC 10-311] analyzing module regfile
INFO: [VRFC 10-2263] Analyzing Verilog file "D:/vivadoProject/sy9/sy9.srcs/sources_1/new/seg7.v" into library xil_defaultlib
INFO: [VRFC 10-311] analyzing module seg7
INFO: [VRFC 10-2263] Analyzing Verilog file "D:/vivadoProject/sy9/sy9.srcs/sources_1/new/signext.v" into library xil_defaultlib
INFO: [VRFC 10-311] analyzing module signext
INFO: [VRFC 10-2263] Analyzing Verilog file "D:/vivadoProject/sy9/sy9.srcs/sources_1/new/sl2.v" into library xil_defaultlib
INFO: [VRFC 10-311] analyzing module sl2
INFO: [VRFC 10-2263] Analyzing Verilog file "D:/vivadoProject/sy9/sy9.srcs/sources_1/new/top.v" into library xil_defaultlib
INFO: [VRFC 10-311] analyzing module top
INFO: [VRFC 10-2263] Analyzing Verilog file "D:/vivadoProject/sy9/sy9.srcs/sim_1/new/testbench.v" into library xil_defaultlib
INFO: [VRFC 10-311] analyzing module testbench
